<?xml version="1.0" encoding="UTF-8"?>
<testng-results ignored="0" total="1" passed="1" failed="0" skipped="0">
  <reporter-output>
  </reporter-output>
  <suite started-at="2024-11-10T14:43:18 EST" name="Suite" finished-at="2024-11-10T14:43:59 EST" duration-ms="40508">
    <groups>
    </groups>
    <test started-at="2024-11-10T14:43:18 EST" name="Test" finished-at="2024-11-10T14:43:59 EST" duration-ms="40508">
      <class name="FunctionTest.HomePageTest">
        <test-method is-config="true" signature="setUp()[pri:0, instance:FunctionTest.HomePageTest@57a3af25]" started-at="2024-11-10T14:43:18 EST" name="setUp" finished-at="2024-11-10T14:43:51 EST" duration-ms="32730" status="PASS">
          <reporter-output>
          </reporter-output>
        </test-method> <!-- setUp -->
        <test-method signature="products()[pri:0, instance:FunctionTest.HomePageTest@57a3af25]" started-at="2024-11-10T14:43:51 EST" name="products" finished-at="2024-11-10T14:43:58 EST" duration-ms="7009" status="PASS">
          <reporter-output>
          </reporter-output>
        </test-method> <!-- products -->
        <test-method is-config="true" signature="tearDown()[pri:0, instance:FunctionTest.HomePageTest@57a3af25]" started-at="2024-11-10T14:43:58 EST" name="tearDown" finished-at="2024-11-10T14:43:58 EST" duration-ms="0" status="PASS">
          <reporter-output>
          </reporter-output>
        </test-method> <!-- tearDown -->
      </class> <!-- FunctionTest.HomePageTest -->
    </test> <!-- Test -->
  </suite> <!-- Suite -->
</testng-results>
